2018-12-12 08:32:32,820  INFO [main] ApiCalls:22 - ===================URL is https://reqres.in/api/users2
2018-12-12 08:32:33,705 DEBUG [main] BasicClientConnectionManager:161 - Get connection for route {s}->https://reqres.in:443
2018-12-12 08:32:33,718 DEBUG [main] DefaultClientConnectionOperator:177 - Connecting to reqres.in:443
2018-12-12 08:32:34,013 DEBUG [main] RequestAddCookies:123 - CookieSpec selected: ignoreCookies
2018-12-12 08:32:34,015 DEBUG [main] RequestAuthCache:77 - Auth cache not set in the context
2018-12-12 08:32:34,015 DEBUG [main] RequestTargetAuthentication:80 - Target auth state: UNCHALLENGED
2018-12-12 08:32:34,016 DEBUG [main] RequestProxyAuthentication:89 - Proxy auth state: UNCHALLENGED
2018-12-12 08:32:34,016 DEBUG [main] DefaultHttpClient:682 - Attempt 1 to execute request
2018-12-12 08:32:34,016 DEBUG [main] DefaultClientConnection:274 - Sending request: GET /api/users2 HTTP/1.1
2018-12-12 08:32:34,017 DEBUG [main] wire:73 -  >> "GET /api/users2 HTTP/1.1[\r][\n]"
2018-12-12 08:32:34,018 DEBUG [main] wire:73 -  >> "Content-Type: application/json; charset=UTF-8[\r][\n]"
2018-12-12 08:32:34,018 DEBUG [main] wire:73 -  >> "Accept: */*[\r][\n]"
2018-12-12 08:32:34,018 DEBUG [main] wire:73 -  >> "Host: reqres.in[\r][\n]"
2018-12-12 08:32:34,019 DEBUG [main] wire:73 -  >> "Connection: Keep-Alive[\r][\n]"
2018-12-12 08:32:34,019 DEBUG [main] wire:73 -  >> "User-Agent: Apache-HttpClient/4.5.3 (Java/1.8.0_152)[\r][\n]"
2018-12-12 08:32:34,019 DEBUG [main] wire:73 -  >> "Accept-Encoding: gzip,deflate[\r][\n]"
2018-12-12 08:32:34,020 DEBUG [main] wire:73 -  >> "[\r][\n]"
2018-12-12 08:32:34,021 DEBUG [main] headers:278 - >> GET /api/users2 HTTP/1.1
2018-12-12 08:32:34,021 DEBUG [main] headers:281 - >> Content-Type: application/json; charset=UTF-8
2018-12-12 08:32:34,021 DEBUG [main] headers:281 - >> Accept: */*
2018-12-12 08:32:34,021 DEBUG [main] headers:281 - >> Host: reqres.in
2018-12-12 08:32:34,021 DEBUG [main] headers:281 - >> Connection: Keep-Alive
2018-12-12 08:32:34,022 DEBUG [main] headers:281 - >> User-Agent: Apache-HttpClient/4.5.3 (Java/1.8.0_152)
2018-12-12 08:32:34,022 DEBUG [main] headers:281 - >> Accept-Encoding: gzip,deflate
2018-12-12 08:32:34,263 DEBUG [main] wire:73 -  << "HTTP/1.1 200 OK[\r][\n]"
2018-12-12 08:32:34,267 DEBUG [main] wire:73 -  << "Date: Wed, 12 Dec 2018 03:02:37 GMT[\r][\n]"
2018-12-12 08:32:34,267 DEBUG [main] wire:73 -  << "Content-Type: application/json; charset=utf-8[\r][\n]"
2018-12-12 08:32:34,267 DEBUG [main] wire:73 -  << "Transfer-Encoding: chunked[\r][\n]"
2018-12-12 08:32:34,268 DEBUG [main] wire:73 -  << "Connection: keep-alive[\r][\n]"
2018-12-12 08:32:34,268 DEBUG [main] wire:73 -  << "Set-Cookie: __cfduid=d80cc3b143927b0814293085c0767b9821544583757; expires=Thu, 12-Dec-19 03:02:37 GMT; path=/; domain=.reqres.in; HttpOnly[\r][\n]"
2018-12-12 08:32:34,268 DEBUG [main] wire:73 -  << "X-Powered-By: Express[\r][\n]"
2018-12-12 08:32:34,268 DEBUG [main] wire:73 -  << "Access-Control-Allow-Origin: *[\r][\n]"
2018-12-12 08:32:34,269 DEBUG [main] wire:73 -  << "ETag: W/"138-JxfoRpyrgR+3MwPzWk39icdKPEA"[\r][\n]"
2018-12-12 08:32:34,269 DEBUG [main] wire:73 -  << "Expect-CT: max-age=604800, report-uri="https://report-uri.cloudflare.com/cdn-cgi/beacon/expect-ct"[\r][\n]"
2018-12-12 08:32:34,269 DEBUG [main] wire:73 -  << "Server: cloudflare[\r][\n]"
2018-12-12 08:32:34,269 DEBUG [main] wire:73 -  << "CF-RAY: 487cf404acbfa912-SIN[\r][\n]"
2018-12-12 08:32:34,270 DEBUG [main] wire:73 -  << "Content-Encoding: gzip[\r][\n]"
2018-12-12 08:32:34,270 DEBUG [main] wire:73 -  << "[\r][\n]"
2018-12-12 08:32:34,271 DEBUG [main] DefaultClientConnection:259 - Receiving response: HTTP/1.1 200 OK
2018-12-12 08:32:34,271 DEBUG [main] headers:262 - << HTTP/1.1 200 OK
2018-12-12 08:32:34,271 DEBUG [main] headers:265 - << Date: Wed, 12 Dec 2018 03:02:37 GMT
2018-12-12 08:32:34,272 DEBUG [main] headers:265 - << Content-Type: application/json; charset=utf-8
2018-12-12 08:32:34,272 DEBUG [main] headers:265 - << Transfer-Encoding: chunked
2018-12-12 08:32:34,272 DEBUG [main] headers:265 - << Connection: keep-alive
2018-12-12 08:32:34,272 DEBUG [main] headers:265 - << Set-Cookie: __cfduid=d80cc3b143927b0814293085c0767b9821544583757; expires=Thu, 12-Dec-19 03:02:37 GMT; path=/; domain=.reqres.in; HttpOnly
2018-12-12 08:32:34,273 DEBUG [main] headers:265 - << X-Powered-By: Express
2018-12-12 08:32:34,273 DEBUG [main] headers:265 - << Access-Control-Allow-Origin: *
2018-12-12 08:32:34,273 DEBUG [main] headers:265 - << ETag: W/"138-JxfoRpyrgR+3MwPzWk39icdKPEA"
2018-12-12 08:32:34,273 DEBUG [main] headers:265 - << Expect-CT: max-age=604800, report-uri="https://report-uri.cloudflare.com/cdn-cgi/beacon/expect-ct"
2018-12-12 08:32:34,274 DEBUG [main] headers:265 - << Server: cloudflare
2018-12-12 08:32:34,274 DEBUG [main] headers:265 - << CF-RAY: 487cf404acbfa912-SIN
2018-12-12 08:32:34,274 DEBUG [main] headers:265 - << Content-Encoding: gzip
2018-12-12 08:32:34,278 DEBUG [main] DefaultHttpClient:509 - Connection can be kept alive indefinitely
2018-12-12 08:32:34,303 DEBUG [main] RequestSpecificationImpl$RestAssuredHttpBuilder:544 - Parsing response as: application/json; charset=utf-8
2018-12-12 08:32:34,304 DEBUG [main] wire:73 -  << "c5[\r][\n]"
2018-12-12 08:32:34,304 DEBUG [main] wire:73 -  << "[0x1f][0x8b][0x8][0x0][0x0][0x0][0x0][0x0][0x0][0x3]l[0xcc][0xdd][\n]"
2018-12-12 08:32:34,305 DEBUG [main] wire:87 -  << "[0x82]@[0x14][0x4][0xe0]W[0x91][0xe9]v[0x85][0xfd][0xd1][0xcc][0xbd][0xac][0xe8]%"[0xe4][0xa0][0xa7][0x12][0xcc][0x95]u[\r]"|[0xf7]HC[0xbc][0xe8]n[0x86]a[0xbe]7:[0xba]1[0xac][0x12][0xe8][0xd8][0x17]s1[0x2][0xc1][0x5]j`[0x95][0xfe][0xc5]i[0xe9]a[0x13][0x81][0x8a][0x2][0xc1][0x9e][0xdf][0xa8][0xab][0xe9][0xd7][0xd2][0x83]aQ[0xb2][0x1f][0x1a][0xa6][0x16][0x2]/&[0xf][0xab][0xa5][0x94][0x2][0xa5]k[0x9c][0x87][0xc5]&[0xdf][0xed][0xf5]QA[0xa0][0xa3]6[0xb8][0x96][0x8b]'5[0xc3][0xf7][0xa8][0xd2]8[0x91]Zb[0x14]3[0xa9][0x17][0xf2]:[0x94][0xf7][0xbe][0xa6][0xc8][0xbb][0x9e][0xd7][0xac]Z[0xb1][0x87],1Y[0xfa][0x8f][0xcd]b-[0x8d]ZX[0xb3][0xb0][0xc1][0xf][0x1c]y[0xae][0xd6][0xa4]^[0x91][0xfb][0x93][0xca][0x8d][0xfe]G[0xe6][0xb1][0xda]n[0x13][0x8c][0x97][0xf1][0x3][0x0][0x0][0xff][0xff][0x3][0x0][0xf5]W3t8[0x1][0x0][0x0]"
2018-12-12 08:32:34,305 DEBUG [main] wire:73 -  << "[\r][\n]"
2018-12-12 08:32:34,306 DEBUG [main] wire:73 -  << "0[\r][\n]"
2018-12-12 08:32:34,307 DEBUG [main] wire:73 -  << "[\r][\n]"
2018-12-12 08:32:34,311 DEBUG [main] RequestSpecificationImpl$RestAssuredHttpBuilder:547 - Parsed data to instance of: class org.apache.http.conn.EofSensorInputStream
2018-12-12 08:32:34,450 DEBUG [main] BasicClientConnectionManager:200 - Releasing connection org.apache.http.impl.conn.ManagedClientConnectionImpl@5c3b6c6e
2018-12-12 08:32:34,450 DEBUG [main] BasicClientConnectionManager:225 - Connection can be kept alive indefinitely
